<?xml version="1.0" encoding="UTF-8"?>
<!-- Generated by org.testng.reporters.JUnitXMLReporter -->
<testsuite ignored="2" hostname="DESKTOP-F66LN2J" failures="0" tests="1" name="Default test" time="8.165" errors="0" timestamp="2025-05-04T19:25:58 IST">
  <testcase classname="ETLTest.LoginTest" name="testInvalidPassword" time="0.58"/>
  <testcase classname="ETLTest.LoginTest" name="testInvalidUsername" time="0.0">
    <ignored/>
  </testcase> <!-- testInvalidUsername -->
  <testcase classname="ETLTest.LoginTest" name="testSuccessfulLogin" time="0.0">
    <ignored/>
  </testcase> <!-- testSuccessfulLogin -->
</testsuite> <!-- Default test -->
