<?xml version="1.0" encoding="UTF-8"?>
<testng-results ignored="0" total="3" passed="3" failed="0" skipped="0">
  <reporter-output>
  </reporter-output>
  <suite started-at="2025-05-04T19:29:45 IST" name="Login Automation Suite" finished-at="2025-05-04T19:30:17 IST" duration-ms="31499">
    <groups>
    </groups>
    <test started-at="2025-05-04T19:29:45 IST" name="Login Tests" finished-at="2025-05-04T19:30:17 IST" duration-ms="31499">
      <class name="ETLTest.LoginTest">
        <test-method is-config="true" signature="setUp()[pri:0, instance:ETLTest.LoginTest@1bd4fdd]" started-at="2025-05-04T19:29:45 IST" name="setUp" finished-at="2025-05-04T19:29:56 IST" duration-ms="10420" status="PASS">
          <reporter-output>
          </reporter-output>
        </test-method> <!-- setUp -->
        <test-method signature="testInvalidPassword()[pri:0, instance:ETLTest.LoginTest@1bd4fdd]" started-at="2025-05-04T19:29:56 IST" name="testInvalidPassword" finished-at="2025-05-04T19:29:57 IST" duration-ms="742" status="PASS">
          <reporter-output>
          </reporter-output>
        </test-method> <!-- testInvalidPassword -->
        <test-method is-config="true" signature="tearDown()[pri:0, instance:ETLTest.LoginTest@1bd4fdd]" started-at="2025-05-04T19:29:57 IST" name="tearDown" finished-at="2025-05-04T19:29:57 IST" duration-ms="256" status="PASS">
          <reporter-output>
          </reporter-output>
        </test-method> <!-- tearDown -->
        <test-method is-config="true" signature="setUp()[pri:0, instance:ETLTest.LoginTest@1bd4fdd]" started-at="2025-05-04T19:29:57 IST" name="setUp" finished-at="2025-05-04T19:30:04 IST" duration-ms="7434" status="PASS">
          <reporter-output>
          </reporter-output>
        </test-method> <!-- setUp -->
        <test-method signature="testInvalidUsername()[pri:0, instance:ETLTest.LoginTest@1bd4fdd]" started-at="2025-05-04T19:30:04 IST" name="testInvalidUsername" finished-at="2025-05-04T19:30:05 IST" duration-ms="634" status="PASS">
          <reporter-output>
          </reporter-output>
        </test-method> <!-- testInvalidUsername -->
        <test-method is-config="true" signature="tearDown()[pri:0, instance:ETLTest.LoginTest@1bd4fdd]" started-at="2025-05-04T19:30:05 IST" name="tearDown" finished-at="2025-05-04T19:30:05 IST" duration-ms="207" status="PASS">
          <reporter-output>
          </reporter-output>
        </test-method> <!-- tearDown -->
        <test-method is-config="true" signature="setUp()[pri:0, instance:ETLTest.LoginTest@1bd4fdd]" started-at="2025-05-04T19:30:05 IST" name="setUp" finished-at="2025-05-04T19:30:15 IST" duration-ms="9858" status="PASS">
          <reporter-output>
          </reporter-output>
        </test-method> <!-- setUp -->
        <test-method signature="testSuccessfulLogin()[pri:0, instance:ETLTest.LoginTest@1bd4fdd]" started-at="2025-05-04T19:30:15 IST" name="testSuccessfulLogin" finished-at="2025-05-04T19:30:17 IST" duration-ms="1680" status="PASS">
          <reporter-output>
          </reporter-output>
        </test-method> <!-- testSuccessfulLogin -->
        <test-method is-config="true" signature="tearDown()[pri:0, instance:ETLTest.LoginTest@1bd4fdd]" started-at="2025-05-04T19:30:17 IST" name="tearDown" finished-at="2025-05-04T19:30:17 IST" duration-ms="181" status="PASS">
          <reporter-output>
          </reporter-output>
        </test-method> <!-- tearDown -->
      </class> <!-- ETLTest.LoginTest -->
    </test> <!-- Login Tests -->
  </suite> <!-- Login Automation Suite -->
</testng-results>
