<?xml version="1.0" encoding="UTF-8"?>
<testng-results ignored="0" total="3" passed="3" failed="0" skipped="0">
  <reporter-output>
  </reporter-output>
  <suite started-at="2025-05-04T20:33:39 IST" name="Login Automation Suite" finished-at="2025-05-04T20:34:35 IST" duration-ms="56033">
    <groups>
    </groups>
    <test started-at="2025-05-04T20:33:39 IST" name="Login Tests" finished-at="2025-05-04T20:34:35 IST" duration-ms="56033">
      <class name="ETLTest.LoginTest">
        <test-method is-config="true" signature="setUp()[pri:0, instance:ETLTest.LoginTest@1bd4fdd]" started-at="2025-05-04T20:33:39 IST" name="setUp" finished-at="2025-05-04T20:34:01 IST" duration-ms="22032" status="PASS">
          <reporter-output>
          </reporter-output>
        </test-method> <!-- setUp -->
        <test-method signature="testInvalidPassword()[pri:0, instance:ETLTest.LoginTest@1bd4fdd]" started-at="2025-05-04T20:34:01 IST" name="testInvalidPassword" finished-at="2025-05-04T20:34:02 IST" duration-ms="1579" status="PASS">
          <reporter-output>
          </reporter-output>
        </test-method> <!-- testInvalidPassword -->
        <test-method is-config="true" signature="tearDown()[pri:0, instance:ETLTest.LoginTest@1bd4fdd]" started-at="2025-05-04T20:34:02 IST" name="tearDown" finished-at="2025-05-04T20:34:03 IST" duration-ms="855" status="PASS">
          <reporter-output>
          </reporter-output>
        </test-method> <!-- tearDown -->
        <test-method is-config="true" signature="setUp()[pri:0, instance:ETLTest.LoginTest@1bd4fdd]" started-at="2025-05-04T20:34:03 IST" name="setUp" finished-at="2025-05-04T20:34:15 IST" duration-ms="11261" status="PASS">
          <reporter-output>
          </reporter-output>
        </test-method> <!-- setUp -->
        <test-method signature="testInvalidUsername()[pri:0, instance:ETLTest.LoginTest@1bd4fdd]" started-at="2025-05-04T20:34:15 IST" name="testInvalidUsername" finished-at="2025-05-04T20:34:15 IST" duration-ms="430" status="PASS">
          <reporter-output>
          </reporter-output>
        </test-method> <!-- testInvalidUsername -->
        <test-method is-config="true" signature="tearDown()[pri:0, instance:ETLTest.LoginTest@1bd4fdd]" started-at="2025-05-04T20:34:15 IST" name="tearDown" finished-at="2025-05-04T20:34:15 IST" duration-ms="176" status="PASS">
          <reporter-output>
          </reporter-output>
        </test-method> <!-- tearDown -->
        <test-method is-config="true" signature="setUp()[pri:0, instance:ETLTest.LoginTest@1bd4fdd]" started-at="2025-05-04T20:34:15 IST" name="setUp" finished-at="2025-05-04T20:34:33 IST" duration-ms="18094" status="PASS">
          <reporter-output>
          </reporter-output>
        </test-method> <!-- setUp -->
        <test-method signature="testSuccessfulLogin()[pri:0, instance:ETLTest.LoginTest@1bd4fdd]" started-at="2025-05-04T20:34:33 IST" name="testSuccessfulLogin" finished-at="2025-05-04T20:34:35 IST" duration-ms="1341" status="PASS">
          <reporter-output>
          </reporter-output>
        </test-method> <!-- testSuccessfulLogin -->
        <test-method is-config="true" signature="tearDown()[pri:0, instance:ETLTest.LoginTest@1bd4fdd]" started-at="2025-05-04T20:34:35 IST" name="tearDown" finished-at="2025-05-04T20:34:35 IST" duration-ms="194" status="PASS">
          <reporter-output>
          </reporter-output>
        </test-method> <!-- tearDown -->
      </class> <!-- ETLTest.LoginTest -->
    </test> <!-- Login Tests -->
  </suite> <!-- Login Automation Suite -->
</testng-results>
