<?xml version="1.0" encoding="UTF-8"?>
<!-- Generated by org.testng.reporters.JUnitXMLReporter -->
<testsuite ignored="0" hostname="DESKTOP-F66LN2J" failures="0" tests="3" name="Login Tests" time="31.499" errors="0" timestamp="2025-05-04T19:30:17 IST">
  <testcase classname="ETLTest.LoginTest" name="testInvalidPassword" time="0.742"/>
  <testcase classname="ETLTest.LoginTest" name="testInvalidUsername" time="0.634"/>
  <testcase classname="ETLTest.LoginTest" name="testSuccessfulLogin" time="1.68"/>
</testsuite> <!-- Login Tests -->
