<?xml version="1.0" encoding="UTF-8"?>
<!-- Generated by org.testng.reporters.JUnitXMLReporter -->
<testsuite ignored="0" hostname="DESKTOP-F66LN2J" failures="0" tests="3" name="Login Tests" time="56.033" errors="0" timestamp="2025-05-04T20:34:35 IST">
  <testcase classname="ETLTest.LoginTest" name="testInvalidPassword" time="1.579"/>
  <testcase classname="ETLTest.LoginTest" name="testInvalidUsername" time="0.43"/>
  <testcase classname="ETLTest.LoginTest" name="testSuccessfulLogin" time="1.341"/>
</testsuite> <!-- Login Tests -->
